Analysis & Synthesis report for Processor
Thu May 26 18:59:26 2022
Quartus Prime Version 19.1.0 Build 670 09/22/2019 SJ Lite Edition


---------------------
; Table of Contents ;
---------------------
  1. Legal Notice
  2. Analysis & Synthesis Summary
  3. Analysis & Synthesis Settings
  4. Parallel Compilation
  5. Analysis & Synthesis Source Files Read
  6. Analysis & Synthesis Resource Usage Summary
  7. Analysis & Synthesis Resource Utilization by Entity
  8. General Register Statistics
  9. Multiplexer Restructuring Statistics (Restructuring Performed)
 10. Parameter Settings for User Entity Instance: regn:reg_0
 11. Parameter Settings for User Entity Instance: regn:reg_1
 12. Parameter Settings for User Entity Instance: regn:reg_2
 13. Parameter Settings for User Entity Instance: regn:reg_3
 14. Parameter Settings for User Entity Instance: regn:reg_4
 15. Parameter Settings for User Entity Instance: regn:reg_5
 16. Parameter Settings for User Entity Instance: regn:reg_6
 17. Parameter Settings for User Entity Instance: regn:reg_7
 18. Parameter Settings for User Entity Instance: regn:reg_A
 19. Parameter Settings for User Entity Instance: regn:In_reg
 20. Parameter Settings for User Entity Instance: regn:reg_G
 21. Port Connectivity Checks: "dec3to8:decY"
 22. Port Connectivity Checks: "dec3to8:decX"
 23. Post-Synthesis Netlist Statistics for Top Partition
 24. Elapsed Time Per Partition
 25. Analysis & Synthesis Messages



----------------
; Legal Notice ;
----------------
Copyright (C) 2019  Intel Corporation. All rights reserved.
Your use of Intel Corporation's design tools, logic functions 
and other software and tools, and any partner logic 
functions, and any output files from any of the foregoing 
(including device programming or simulation files), and any 
associated documentation or information are expressly subject 
to the terms and conditions of the Intel Program License 
Subscription Agreement, the Intel Quartus Prime License Agreement,
the Intel FPGA IP License Agreement, or other applicable license
agreement, including, without limitation, that your use is for
the sole purpose of programming logic devices manufactured by
Intel and sold by Intel or its authorized distributors.  Please
refer to the applicable agreement for further details, at
https://fpgasoftware.intel.com/eula.



+----------------------------------------------------------------------------------+
; Analysis & Synthesis Summary                                                     ;
+------------------------------------+---------------------------------------------+
; Analysis & Synthesis Status        ; Successful - Thu May 26 18:59:26 2022       ;
; Quartus Prime Version              ; 19.1.0 Build 670 09/22/2019 SJ Lite Edition ;
; Revision Name                      ; Processor                                   ;
; Top-level Entity Name              ; Processor                                   ;
; Family                             ; Cyclone IV GX                               ;
; Total logic elements               ; 398                                         ;
;     Total combinational functions  ; 261                                         ;
;     Dedicated logic registers      ; 171                                         ;
; Total registers                    ; 171                                         ;
; Total pins                         ; 36                                          ;
; Total virtual pins                 ; 0                                           ;
; Total memory bits                  ; 0                                           ;
; Embedded Multiplier 9-bit elements ; 0                                           ;
; Total GXB Receiver Channel PCS     ; 0                                           ;
; Total GXB Receiver Channel PMA     ; 0                                           ;
; Total GXB Transmitter Channel PCS  ; 0                                           ;
; Total GXB Transmitter Channel PMA  ; 0                                           ;
; Total PLLs                         ; 0                                           ;
+------------------------------------+---------------------------------------------+


+------------------------------------------------------------------------------------------------------------+
; Analysis & Synthesis Settings                                                                              ;
+------------------------------------------------------------------+--------------------+--------------------+
; Option                                                           ; Setting            ; Default Value      ;
+------------------------------------------------------------------+--------------------+--------------------+
; Top-level entity name                                            ; Processor          ; Processor          ;
; Family name                                                      ; Cyclone IV GX      ; Cyclone V          ;
; Use smart compilation                                            ; Off                ; Off                ;
; Enable parallel Assembler and Timing Analyzer during compilation ; On                 ; On                 ;
; Enable compact report table                                      ; Off                ; Off                ;
; Restructure Multiplexers                                         ; Auto               ; Auto               ;
; Create Debugging Nodes for IP Cores                              ; Off                ; Off                ;
; Preserve fewer node names                                        ; On                 ; On                 ;
; Intel FPGA IP Evaluation Mode                                    ; Enable             ; Enable             ;
; Verilog Version                                                  ; Verilog_2001       ; Verilog_2001       ;
; VHDL Version                                                     ; VHDL_1993          ; VHDL_1993          ;
; State Machine Processing                                         ; Auto               ; Auto               ;
; Safe State Machine                                               ; Off                ; Off                ;
; Extract Verilog State Machines                                   ; On                 ; On                 ;
; Extract VHDL State Machines                                      ; On                 ; On                 ;
; Ignore Verilog initial constructs                                ; Off                ; Off                ;
; Iteration limit for constant Verilog loops                       ; 5000               ; 5000               ;
; Iteration limit for non-constant Verilog loops                   ; 250                ; 250                ;
; Add Pass-Through Logic to Inferred RAMs                          ; On                 ; On                 ;
; Infer RAMs from Raw Logic                                        ; On                 ; On                 ;
; Parallel Synthesis                                               ; On                 ; On                 ;
; DSP Block Balancing                                              ; Auto               ; Auto               ;
; NOT Gate Push-Back                                               ; On                 ; On                 ;
; Power-Up Don't Care                                              ; On                 ; On                 ;
; Remove Redundant Logic Cells                                     ; Off                ; Off                ;
; Remove Duplicate Registers                                       ; On                 ; On                 ;
; Ignore CARRY Buffers                                             ; Off                ; Off                ;
; Ignore CASCADE Buffers                                           ; Off                ; Off                ;
; Ignore GLOBAL Buffers                                            ; Off                ; Off                ;
; Ignore ROW GLOBAL Buffers                                        ; Off                ; Off                ;
; Ignore LCELL Buffers                                             ; Off                ; Off                ;
; Ignore SOFT Buffers                                              ; On                 ; On                 ;
; Limit AHDL Integers to 32 Bits                                   ; Off                ; Off                ;
; Optimization Technique                                           ; Balanced           ; Balanced           ;
; Carry Chain Length                                               ; 70                 ; 70                 ;
; Auto Carry Chains                                                ; On                 ; On                 ;
; Auto Open-Drain Pins                                             ; On                 ; On                 ;
; Perform WYSIWYG Primitive Resynthesis                            ; Off                ; Off                ;
; Auto ROM Replacement                                             ; On                 ; On                 ;
; Auto RAM Replacement                                             ; On                 ; On                 ;
; Auto DSP Block Replacement                                       ; On                 ; On                 ;
; Auto Shift Register Replacement                                  ; Auto               ; Auto               ;
; Allow Shift Register Merging across Hierarchies                  ; Auto               ; Auto               ;
; Auto Clock Enable Replacement                                    ; On                 ; On                 ;
; Strict RAM Replacement                                           ; Off                ; Off                ;
; Allow Synchronous Control Signals                                ; On                 ; On                 ;
; Force Use of Synchronous Clear Signals                           ; Off                ; Off                ;
; Auto RAM Block Balancing                                         ; On                 ; On                 ;
; Auto RAM to Logic Cell Conversion                                ; Off                ; Off                ;
; Auto Resource Sharing                                            ; Off                ; Off                ;
; Allow Any RAM Size For Recognition                               ; Off                ; Off                ;
; Allow Any ROM Size For Recognition                               ; Off                ; Off                ;
; Allow Any Shift Register Size For Recognition                    ; Off                ; Off                ;
; Use LogicLock Constraints during Resource Balancing              ; On                 ; On                 ;
; Ignore translate_off and synthesis_off directives                ; Off                ; Off                ;
; Timing-Driven Synthesis                                          ; On                 ; On                 ;
; Report Parameter Settings                                        ; On                 ; On                 ;
; Report Source Assignments                                        ; On                 ; On                 ;
; Report Connectivity Checks                                       ; On                 ; On                 ;
; Ignore Maximum Fan-Out Assignments                               ; Off                ; Off                ;
; Synchronization Register Chain Length                            ; 2                  ; 2                  ;
; Power Optimization During Synthesis                              ; Normal compilation ; Normal compilation ;
; HDL message level                                                ; Level2             ; Level2             ;
; Suppress Register Optimization Related Messages                  ; Off                ; Off                ;
; Number of Removed Registers Reported in Synthesis Report         ; 5000               ; 5000               ;
; Number of Swept Nodes Reported in Synthesis Report               ; 5000               ; 5000               ;
; Number of Inverted Registers Reported in Synthesis Report        ; 100                ; 100                ;
; Clock MUX Protection                                             ; On                 ; On                 ;
; Auto Gated Clock Conversion                                      ; Off                ; Off                ;
; Block Design Naming                                              ; Auto               ; Auto               ;
; SDC constraint protection                                        ; Off                ; Off                ;
; Synthesis Effort                                                 ; Auto               ; Auto               ;
; Shift Register Replacement - Allow Asynchronous Clear Signal     ; On                 ; On                 ;
; Pre-Mapping Resynthesis Optimization                             ; Off                ; Off                ;
; Analysis & Synthesis Message Level                               ; Medium             ; Medium             ;
; Disable Register Merging Across Hierarchies                      ; Auto               ; Auto               ;
; Resource Aware Inference For Block RAM                           ; On                 ; On                 ;
+------------------------------------------------------------------+--------------------+--------------------+


+------------------------------------------+
; Parallel Compilation                     ;
+----------------------------+-------------+
; Processors                 ; Number      ;
+----------------------------+-------------+
; Number detected on machine ; 16          ;
; Maximum allowed            ; 16          ;
;                            ;             ;
; Average used               ; 1.00        ;
; Maximum used               ; 16          ;
;                            ;             ;
; Usage by Processor         ; % Time Used ;
;     Processor 1            ; 100.0%      ;
;     Processors 2-16        ;   0.0%      ;
+----------------------------+-------------+


+------------------------------------------------------------------------------------------------------------------------------------------------------------------------------+
; Analysis & Synthesis Source Files Read                                                                                                                                       ;
+----------------------------------+-----------------+-----------------+---------------------------------------------------------------------------------------------+---------+
; File Name with User-Entered Path ; Used in Netlist ; File Type       ; File Name with Absolute Path                                                                ; Library ;
+----------------------------------+-----------------+-----------------+---------------------------------------------------------------------------------------------+---------+
; ../ALU/ALU_Components.vhd        ; yes             ; User VHDL File  ; C:/Users/Philip/Documents/UniProjects/2nd Semester/VHDL Project 3/ALU/ALU_Components.vhd    ;         ;
; ../ALU/ALU.vhd                   ; yes             ; User VHDL File  ; C:/Users/Philip/Documents/UniProjects/2nd Semester/VHDL Project 3/ALU/ALU.vhd               ;         ;
; ../ALU 16 Bit/ALU_16_Bit.vhd     ; yes             ; User VHDL File  ; C:/Users/Philip/Documents/UniProjects/2nd Semester/VHDL Project 3/ALU 16 Bit/ALU_16_Bit.vhd ;         ;
; Processor.vhd                    ; yes             ; User VHDL File  ; C:/Users/Philip/Documents/UniProjects/2nd Semester/VHDL Project 3/processor/Processor.vhd   ;         ;
+----------------------------------+-----------------+-----------------+---------------------------------------------------------------------------------------------+---------+


+---------------------------------------------+
; Analysis & Synthesis Resource Usage Summary ;
+--------------------------+------------------+
; Resource                 ; Usage            ;
+--------------------------+------------------+
; I/O pins                 ; 36               ;
;                          ;                  ;
; DSP block 9-bit elements ; 0                ;
;                          ;                  ;
; Maximum fan-out node     ; Clock~input      ;
; Maximum fan-out          ; 171              ;
; Total fan-out            ; 1511             ;
; Average fan-out          ; 2.99             ;
+--------------------------+------------------+


+-----------------------------------------------------------------------------------------------------------------------------------------------------------------------------------------------------------------------------------------------------------------------------------------------+
; Analysis & Synthesis Resource Utilization by Entity                                                                                                                                                                                                                                           ;
+------------------------------------+---------------------+---------------------------+-------------+--------------+---------+-----------+-----------+------+--------------+----------------------------------------------------------------------------------+-----------------+--------------+
; Compilation Hierarchy Node         ; Combinational ALUTs ; Dedicated Logic Registers ; Memory Bits ; DSP Elements ; DSP 9x9 ; DSP 18x18 ; DSP 36x36 ; Pins ; Virtual Pins ; Full Hierarchy Name                                                              ; Entity Name     ; Library Name ;
+------------------------------------+---------------------+---------------------------+-------------+--------------+---------+-----------+-----------+------+--------------+----------------------------------------------------------------------------------+-----------------+--------------+
; |Processor                         ; 261 (169)           ; 171 (0)                   ; 0           ; 0            ; 0       ; 0         ; 0         ; 36   ; 0            ; |Processor                                                                       ; Processor       ; work         ;
;    |ALU_16_Bit:ALU_Unit|           ; 90 (7)              ; 0 (0)                     ; 0           ; 0            ; 0       ; 0         ; 0         ; 0    ; 0            ; |Processor|ALU_16_Bit:ALU_Unit                                                   ; ALU_16_Bit      ; work         ;
;       |ALU:\ALULoop:0:alu_1_bit|   ; 5 (0)               ; 0 (0)                     ; 0           ; 0            ; 0       ; 0         ; 0         ; 0    ; 0            ; |Processor|ALU_16_Bit:ALU_Unit|ALU:\ALULoop:0:alu_1_bit                          ; ALU             ; work         ;
;          |full_adder:fadder|       ; 2 (2)               ; 0 (0)                     ; 0           ; 0            ; 0       ; 0         ; 0         ; 0    ; 0            ; |Processor|ALU_16_Bit:ALU_Unit|ALU:\ALULoop:0:alu_1_bit|full_adder:fadder        ; full_adder      ; work         ;
;          |multiplexer5to1:mux5to1| ; 3 (3)               ; 0 (0)                     ; 0           ; 0            ; 0       ; 0         ; 0         ; 0    ; 0            ; |Processor|ALU_16_Bit:ALU_Unit|ALU:\ALULoop:0:alu_1_bit|multiplexer5to1:mux5to1  ; multiplexer5to1 ; work         ;
;       |ALU:\ALULoop:10:alu_1_bit|  ; 5 (0)               ; 0 (0)                     ; 0           ; 0            ; 0       ; 0         ; 0         ; 0    ; 0            ; |Processor|ALU_16_Bit:ALU_Unit|ALU:\ALULoop:10:alu_1_bit                         ; ALU             ; work         ;
;          |full_adder:fadder|       ; 1 (1)               ; 0 (0)                     ; 0           ; 0            ; 0       ; 0         ; 0         ; 0    ; 0            ; |Processor|ALU_16_Bit:ALU_Unit|ALU:\ALULoop:10:alu_1_bit|full_adder:fadder       ; full_adder      ; work         ;
;          |multiplexer2to1:mux2|    ; 1 (1)               ; 0 (0)                     ; 0           ; 0            ; 0       ; 0         ; 0         ; 0    ; 0            ; |Processor|ALU_16_Bit:ALU_Unit|ALU:\ALULoop:10:alu_1_bit|multiplexer2to1:mux2    ; multiplexer2to1 ; work         ;
;          |multiplexer5to1:mux5to1| ; 3 (3)               ; 0 (0)                     ; 0           ; 0            ; 0       ; 0         ; 0         ; 0    ; 0            ; |Processor|ALU_16_Bit:ALU_Unit|ALU:\ALULoop:10:alu_1_bit|multiplexer5to1:mux5to1 ; multiplexer5to1 ; work         ;
;       |ALU:\ALULoop:11:alu_1_bit|  ; 5 (0)               ; 0 (0)                     ; 0           ; 0            ; 0       ; 0         ; 0         ; 0    ; 0            ; |Processor|ALU_16_Bit:ALU_Unit|ALU:\ALULoop:11:alu_1_bit                         ; ALU             ; work         ;
;          |full_adder:fadder|       ; 1 (1)               ; 0 (0)                     ; 0           ; 0            ; 0       ; 0         ; 0         ; 0    ; 0            ; |Processor|ALU_16_Bit:ALU_Unit|ALU:\ALULoop:11:alu_1_bit|full_adder:fadder       ; full_adder      ; work         ;
;          |multiplexer2to1:mux2|    ; 1 (1)               ; 0 (0)                     ; 0           ; 0            ; 0       ; 0         ; 0         ; 0    ; 0            ; |Processor|ALU_16_Bit:ALU_Unit|ALU:\ALULoop:11:alu_1_bit|multiplexer2to1:mux2    ; multiplexer2to1 ; work         ;
;          |multiplexer5to1:mux5to1| ; 3 (3)               ; 0 (0)                     ; 0           ; 0            ; 0       ; 0         ; 0         ; 0    ; 0            ; |Processor|ALU_16_Bit:ALU_Unit|ALU:\ALULoop:11:alu_1_bit|multiplexer5to1:mux5to1 ; multiplexer5to1 ; work         ;
;       |ALU:\ALULoop:12:alu_1_bit|  ; 5 (0)               ; 0 (0)                     ; 0           ; 0            ; 0       ; 0         ; 0         ; 0    ; 0            ; |Processor|ALU_16_Bit:ALU_Unit|ALU:\ALULoop:12:alu_1_bit                         ; ALU             ; work         ;
;          |full_adder:fadder|       ; 1 (1)               ; 0 (0)                     ; 0           ; 0            ; 0       ; 0         ; 0         ; 0    ; 0            ; |Processor|ALU_16_Bit:ALU_Unit|ALU:\ALULoop:12:alu_1_bit|full_adder:fadder       ; full_adder      ; work         ;
;          |multiplexer2to1:mux2|    ; 1 (1)               ; 0 (0)                     ; 0           ; 0            ; 0       ; 0         ; 0         ; 0    ; 0            ; |Processor|ALU_16_Bit:ALU_Unit|ALU:\ALULoop:12:alu_1_bit|multiplexer2to1:mux2    ; multiplexer2to1 ; work         ;
;          |multiplexer5to1:mux5to1| ; 3 (3)               ; 0 (0)                     ; 0           ; 0            ; 0       ; 0         ; 0         ; 0    ; 0            ; |Processor|ALU_16_Bit:ALU_Unit|ALU:\ALULoop:12:alu_1_bit|multiplexer5to1:mux5to1 ; multiplexer5to1 ; work         ;
;       |ALU:\ALULoop:13:alu_1_bit|  ; 5 (0)               ; 0 (0)                     ; 0           ; 0            ; 0       ; 0         ; 0         ; 0    ; 0            ; |Processor|ALU_16_Bit:ALU_Unit|ALU:\ALULoop:13:alu_1_bit                         ; ALU             ; work         ;
;          |full_adder:fadder|       ; 1 (1)               ; 0 (0)                     ; 0           ; 0            ; 0       ; 0         ; 0         ; 0    ; 0            ; |Processor|ALU_16_Bit:ALU_Unit|ALU:\ALULoop:13:alu_1_bit|full_adder:fadder       ; full_adder      ; work         ;
;          |multiplexer2to1:mux2|    ; 1 (1)               ; 0 (0)                     ; 0           ; 0            ; 0       ; 0         ; 0         ; 0    ; 0            ; |Processor|ALU_16_Bit:ALU_Unit|ALU:\ALULoop:13:alu_1_bit|multiplexer2to1:mux2    ; multiplexer2to1 ; work         ;
;          |multiplexer5to1:mux5to1| ; 3 (3)               ; 0 (0)                     ; 0           ; 0            ; 0       ; 0         ; 0         ; 0    ; 0            ; |Processor|ALU_16_Bit:ALU_Unit|ALU:\ALULoop:13:alu_1_bit|multiplexer5to1:mux5to1 ; multiplexer5to1 ; work         ;
;       |ALU:\ALULoop:14:alu_1_bit|  ; 5 (0)               ; 0 (0)                     ; 0           ; 0            ; 0       ; 0         ; 0         ; 0    ; 0            ; |Processor|ALU_16_Bit:ALU_Unit|ALU:\ALULoop:14:alu_1_bit                         ; ALU             ; work         ;
;          |full_adder:fadder|       ; 1 (1)               ; 0 (0)                     ; 0           ; 0            ; 0       ; 0         ; 0         ; 0    ; 0            ; |Processor|ALU_16_Bit:ALU_Unit|ALU:\ALULoop:14:alu_1_bit|full_adder:fadder       ; full_adder      ; work         ;
;          |multiplexer2to1:mux2|    ; 1 (1)               ; 0 (0)                     ; 0           ; 0            ; 0       ; 0         ; 0         ; 0    ; 0            ; |Processor|ALU_16_Bit:ALU_Unit|ALU:\ALULoop:14:alu_1_bit|multiplexer2to1:mux2    ; multiplexer2to1 ; work         ;
;          |multiplexer5to1:mux5to1| ; 3 (3)               ; 0 (0)                     ; 0           ; 0            ; 0       ; 0         ; 0         ; 0    ; 0            ; |Processor|ALU_16_Bit:ALU_Unit|ALU:\ALULoop:14:alu_1_bit|multiplexer5to1:mux5to1 ; multiplexer5to1 ; work         ;
;       |ALU:\ALULoop:1:alu_1_bit|   ; 5 (0)               ; 0 (0)                     ; 0           ; 0            ; 0       ; 0         ; 0         ; 0    ; 0            ; |Processor|ALU_16_Bit:ALU_Unit|ALU:\ALULoop:1:alu_1_bit                          ; ALU             ; work         ;
;          |full_adder:fadder|       ; 1 (1)               ; 0 (0)                     ; 0           ; 0            ; 0       ; 0         ; 0         ; 0    ; 0            ; |Processor|ALU_16_Bit:ALU_Unit|ALU:\ALULoop:1:alu_1_bit|full_adder:fadder        ; full_adder      ; work         ;
;          |multiplexer2to1:mux2|    ; 1 (1)               ; 0 (0)                     ; 0           ; 0            ; 0       ; 0         ; 0         ; 0    ; 0            ; |Processor|ALU_16_Bit:ALU_Unit|ALU:\ALULoop:1:alu_1_bit|multiplexer2to1:mux2     ; multiplexer2to1 ; work         ;
;          |multiplexer5to1:mux5to1| ; 3 (3)               ; 0 (0)                     ; 0           ; 0            ; 0       ; 0         ; 0         ; 0    ; 0            ; |Processor|ALU_16_Bit:ALU_Unit|ALU:\ALULoop:1:alu_1_bit|multiplexer5to1:mux5to1  ; multiplexer5to1 ; work         ;
;       |ALU:\ALULoop:2:alu_1_bit|   ; 5 (0)               ; 0 (0)                     ; 0           ; 0            ; 0       ; 0         ; 0         ; 0    ; 0            ; |Processor|ALU_16_Bit:ALU_Unit|ALU:\ALULoop:2:alu_1_bit                          ; ALU             ; work         ;
;          |full_adder:fadder|       ; 1 (1)               ; 0 (0)                     ; 0           ; 0            ; 0       ; 0         ; 0         ; 0    ; 0            ; |Processor|ALU_16_Bit:ALU_Unit|ALU:\ALULoop:2:alu_1_bit|full_adder:fadder        ; full_adder      ; work         ;
;          |multiplexer2to1:mux2|    ; 1 (1)               ; 0 (0)                     ; 0           ; 0            ; 0       ; 0         ; 0         ; 0    ; 0            ; |Processor|ALU_16_Bit:ALU_Unit|ALU:\ALULoop:2:alu_1_bit|multiplexer2to1:mux2     ; multiplexer2to1 ; work         ;
;          |multiplexer5to1:mux5to1| ; 3 (3)               ; 0 (0)                     ; 0           ; 0            ; 0       ; 0         ; 0         ; 0    ; 0            ; |Processor|ALU_16_Bit:ALU_Unit|ALU:\ALULoop:2:alu_1_bit|multiplexer5to1:mux5to1  ; multiplexer5to1 ; work         ;
;       |ALU:\ALULoop:3:alu_1_bit|   ; 5 (0)               ; 0 (0)                     ; 0           ; 0            ; 0       ; 0         ; 0         ; 0    ; 0            ; |Processor|ALU_16_Bit:ALU_Unit|ALU:\ALULoop:3:alu_1_bit                          ; ALU             ; work         ;
;          |full_adder:fadder|       ; 1 (1)               ; 0 (0)                     ; 0           ; 0            ; 0       ; 0         ; 0         ; 0    ; 0            ; |Processor|ALU_16_Bit:ALU_Unit|ALU:\ALULoop:3:alu_1_bit|full_adder:fadder        ; full_adder      ; work         ;
;          |multiplexer2to1:mux2|    ; 1 (1)               ; 0 (0)                     ; 0           ; 0            ; 0       ; 0         ; 0         ; 0    ; 0            ; |Processor|ALU_16_Bit:ALU_Unit|ALU:\ALULoop:3:alu_1_bit|multiplexer2to1:mux2     ; multiplexer2to1 ; work         ;
;          |multiplexer5to1:mux5to1| ; 3 (3)               ; 0 (0)                     ; 0           ; 0            ; 0       ; 0         ; 0         ; 0    ; 0            ; |Processor|ALU_16_Bit:ALU_Unit|ALU:\ALULoop:3:alu_1_bit|multiplexer5to1:mux5to1  ; multiplexer5to1 ; work         ;
;       |ALU:\ALULoop:4:alu_1_bit|   ; 6 (0)               ; 0 (0)                     ; 0           ; 0            ; 0       ; 0         ; 0         ; 0    ; 0            ; |Processor|ALU_16_Bit:ALU_Unit|ALU:\ALULoop:4:alu_1_bit                          ; ALU             ; work         ;
;          |full_adder:fadder|       ; 1 (1)               ; 0 (0)                     ; 0           ; 0            ; 0       ; 0         ; 0         ; 0    ; 0            ; |Processor|ALU_16_Bit:ALU_Unit|ALU:\ALULoop:4:alu_1_bit|full_adder:fadder        ; full_adder      ; work         ;
;          |multiplexer2to1:mux2|    ; 1 (1)               ; 0 (0)                     ; 0           ; 0            ; 0       ; 0         ; 0         ; 0    ; 0            ; |Processor|ALU_16_Bit:ALU_Unit|ALU:\ALULoop:4:alu_1_bit|multiplexer2to1:mux2     ; multiplexer2to1 ; work         ;
;          |multiplexer5to1:mux5to1| ; 4 (4)               ; 0 (0)                     ; 0           ; 0            ; 0       ; 0         ; 0         ; 0    ; 0            ; |Processor|ALU_16_Bit:ALU_Unit|ALU:\ALULoop:4:alu_1_bit|multiplexer5to1:mux5to1  ; multiplexer5to1 ; work         ;
;       |ALU:\ALULoop:5:alu_1_bit|   ; 6 (0)               ; 0 (0)                     ; 0           ; 0            ; 0       ; 0         ; 0         ; 0    ; 0            ; |Processor|ALU_16_Bit:ALU_Unit|ALU:\ALULoop:5:alu_1_bit                          ; ALU             ; work         ;
;          |full_adder:fadder|       ; 1 (1)               ; 0 (0)                     ; 0           ; 0            ; 0       ; 0         ; 0         ; 0    ; 0            ; |Processor|ALU_16_Bit:ALU_Unit|ALU:\ALULoop:5:alu_1_bit|full_adder:fadder        ; full_adder      ; work         ;
;          |multiplexer2to1:mux2|    ; 1 (1)               ; 0 (0)                     ; 0           ; 0            ; 0       ; 0         ; 0         ; 0    ; 0            ; |Processor|ALU_16_Bit:ALU_Unit|ALU:\ALULoop:5:alu_1_bit|multiplexer2to1:mux2     ; multiplexer2to1 ; work         ;
;          |multiplexer5to1:mux5to1| ; 4 (4)               ; 0 (0)                     ; 0           ; 0            ; 0       ; 0         ; 0         ; 0    ; 0            ; |Processor|ALU_16_Bit:ALU_Unit|ALU:\ALULoop:5:alu_1_bit|multiplexer5to1:mux5to1  ; multiplexer5to1 ; work         ;
;       |ALU:\ALULoop:6:alu_1_bit|   ; 6 (0)               ; 0 (0)                     ; 0           ; 0            ; 0       ; 0         ; 0         ; 0    ; 0            ; |Processor|ALU_16_Bit:ALU_Unit|ALU:\ALULoop:6:alu_1_bit                          ; ALU             ; work         ;
;          |full_adder:fadder|       ; 1 (1)               ; 0 (0)                     ; 0           ; 0            ; 0       ; 0         ; 0         ; 0    ; 0            ; |Processor|ALU_16_Bit:ALU_Unit|ALU:\ALULoop:6:alu_1_bit|full_adder:fadder        ; full_adder      ; work         ;
;          |multiplexer2to1:mux2|    ; 1 (1)               ; 0 (0)                     ; 0           ; 0            ; 0       ; 0         ; 0         ; 0    ; 0            ; |Processor|ALU_16_Bit:ALU_Unit|ALU:\ALULoop:6:alu_1_bit|multiplexer2to1:mux2     ; multiplexer2to1 ; work         ;
;          |multiplexer5to1:mux5to1| ; 4 (4)               ; 0 (0)                     ; 0           ; 0            ; 0       ; 0         ; 0         ; 0    ; 0            ; |Processor|ALU_16_Bit:ALU_Unit|ALU:\ALULoop:6:alu_1_bit|multiplexer5to1:mux5to1  ; multiplexer5to1 ; work         ;
;       |ALU:\ALULoop:7:alu_1_bit|   ; 5 (0)               ; 0 (0)                     ; 0           ; 0            ; 0       ; 0         ; 0         ; 0    ; 0            ; |Processor|ALU_16_Bit:ALU_Unit|ALU:\ALULoop:7:alu_1_bit                          ; ALU             ; work         ;
;          |full_adder:fadder|       ; 1 (1)               ; 0 (0)                     ; 0           ; 0            ; 0       ; 0         ; 0         ; 0    ; 0            ; |Processor|ALU_16_Bit:ALU_Unit|ALU:\ALULoop:7:alu_1_bit|full_adder:fadder        ; full_adder      ; work         ;
;          |multiplexer2to1:mux2|    ; 1 (1)               ; 0 (0)                     ; 0           ; 0            ; 0       ; 0         ; 0         ; 0    ; 0            ; |Processor|ALU_16_Bit:ALU_Unit|ALU:\ALULoop:7:alu_1_bit|multiplexer2to1:mux2     ; multiplexer2to1 ; work         ;
;          |multiplexer5to1:mux5to1| ; 3 (3)               ; 0 (0)                     ; 0           ; 0            ; 0       ; 0         ; 0         ; 0    ; 0            ; |Processor|ALU_16_Bit:ALU_Unit|ALU:\ALULoop:7:alu_1_bit|multiplexer5to1:mux5to1  ; multiplexer5to1 ; work         ;
;       |ALU:\ALULoop:8:alu_1_bit|   ; 5 (0)               ; 0 (0)                     ; 0           ; 0            ; 0       ; 0         ; 0         ; 0    ; 0            ; |Processor|ALU_16_Bit:ALU_Unit|ALU:\ALULoop:8:alu_1_bit                          ; ALU             ; work         ;
;          |full_adder:fadder|       ; 1 (1)               ; 0 (0)                     ; 0           ; 0            ; 0       ; 0         ; 0         ; 0    ; 0            ; |Processor|ALU_16_Bit:ALU_Unit|ALU:\ALULoop:8:alu_1_bit|full_adder:fadder        ; full_adder      ; work         ;
;          |multiplexer2to1:mux2|    ; 1 (1)               ; 0 (0)                     ; 0           ; 0            ; 0       ; 0         ; 0         ; 0    ; 0            ; |Processor|ALU_16_Bit:ALU_Unit|ALU:\ALULoop:8:alu_1_bit|multiplexer2to1:mux2     ; multiplexer2to1 ; work         ;
;          |multiplexer5to1:mux5to1| ; 3 (3)               ; 0 (0)                     ; 0           ; 0            ; 0       ; 0         ; 0         ; 0    ; 0            ; |Processor|ALU_16_Bit:ALU_Unit|ALU:\ALULoop:8:alu_1_bit|multiplexer5to1:mux5to1  ; multiplexer5to1 ; work         ;
;       |ALU:\ALULoop:9:alu_1_bit|   ; 5 (0)               ; 0 (0)                     ; 0           ; 0            ; 0       ; 0         ; 0         ; 0    ; 0            ; |Processor|ALU_16_Bit:ALU_Unit|ALU:\ALULoop:9:alu_1_bit                          ; ALU             ; work         ;
;          |full_adder:fadder|       ; 1 (1)               ; 0 (0)                     ; 0           ; 0            ; 0       ; 0         ; 0         ; 0    ; 0            ; |Processor|ALU_16_Bit:ALU_Unit|ALU:\ALULoop:9:alu_1_bit|full_adder:fadder        ; full_adder      ; work         ;
;          |multiplexer2to1:mux2|    ; 1 (1)               ; 0 (0)                     ; 0           ; 0            ; 0       ; 0         ; 0         ; 0    ; 0            ; |Processor|ALU_16_Bit:ALU_Unit|ALU:\ALULoop:9:alu_1_bit|multiplexer2to1:mux2     ; multiplexer2to1 ; work         ;
;          |multiplexer5to1:mux5to1| ; 3 (3)               ; 0 (0)                     ; 0           ; 0            ; 0       ; 0         ; 0         ; 0    ; 0            ; |Processor|ALU_16_Bit:ALU_Unit|ALU:\ALULoop:9:alu_1_bit|multiplexer5to1:mux5to1  ; multiplexer5to1 ; work         ;
;       |ALU:lastALU|                ; 5 (0)               ; 0 (0)                     ; 0           ; 0            ; 0       ; 0         ; 0         ; 0    ; 0            ; |Processor|ALU_16_Bit:ALU_Unit|ALU:lastALU                                       ; ALU             ; work         ;
;          |full_adder:fadder|       ; 1 (1)               ; 0 (0)                     ; 0           ; 0            ; 0       ; 0         ; 0         ; 0    ; 0            ; |Processor|ALU_16_Bit:ALU_Unit|ALU:lastALU|full_adder:fadder                     ; full_adder      ; work         ;
;          |multiplexer2to1:mux2|    ; 1 (1)               ; 0 (0)                     ; 0           ; 0            ; 0       ; 0         ; 0         ; 0    ; 0            ; |Processor|ALU_16_Bit:ALU_Unit|ALU:lastALU|multiplexer2to1:mux2                  ; multiplexer2to1 ; work         ;
;          |multiplexer5to1:mux5to1| ; 3 (3)               ; 0 (0)                     ; 0           ; 0            ; 0       ; 0         ; 0         ; 0    ; 0            ; |Processor|ALU_16_Bit:ALU_Unit|ALU:lastALU|multiplexer5to1:mux5to1               ; multiplexer5to1 ; work         ;
;    |regn:In_reg|                   ; 0 (0)               ; 9 (9)                     ; 0           ; 0            ; 0       ; 0         ; 0         ; 0    ; 0            ; |Processor|regn:In_reg                                                           ; regn            ; work         ;
;    |regn:reg_0|                    ; 0 (0)               ; 16 (16)                   ; 0           ; 0            ; 0       ; 0         ; 0         ; 0    ; 0            ; |Processor|regn:reg_0                                                            ; regn            ; work         ;
;    |regn:reg_1|                    ; 0 (0)               ; 16 (16)                   ; 0           ; 0            ; 0       ; 0         ; 0         ; 0    ; 0            ; |Processor|regn:reg_1                                                            ; regn            ; work         ;
;    |regn:reg_2|                    ; 0 (0)               ; 16 (16)                   ; 0           ; 0            ; 0       ; 0         ; 0         ; 0    ; 0            ; |Processor|regn:reg_2                                                            ; regn            ; work         ;
;    |regn:reg_3|                    ; 0 (0)               ; 16 (16)                   ; 0           ; 0            ; 0       ; 0         ; 0         ; 0    ; 0            ; |Processor|regn:reg_3                                                            ; regn            ; work         ;
;    |regn:reg_4|                    ; 0 (0)               ; 16 (16)                   ; 0           ; 0            ; 0       ; 0         ; 0         ; 0    ; 0            ; |Processor|regn:reg_4                                                            ; regn            ; work         ;
;    |regn:reg_5|                    ; 0 (0)               ; 16 (16)                   ; 0           ; 0            ; 0       ; 0         ; 0         ; 0    ; 0            ; |Processor|regn:reg_5                                                            ; regn            ; work         ;
;    |regn:reg_6|                    ; 0 (0)               ; 16 (16)                   ; 0           ; 0            ; 0       ; 0         ; 0         ; 0    ; 0            ; |Processor|regn:reg_6                                                            ; regn            ; work         ;
;    |regn:reg_7|                    ; 0 (0)               ; 16 (16)                   ; 0           ; 0            ; 0       ; 0         ; 0         ; 0    ; 0            ; |Processor|regn:reg_7                                                            ; regn            ; work         ;
;    |regn:reg_A|                    ; 0 (0)               ; 16 (16)                   ; 0           ; 0            ; 0       ; 0         ; 0         ; 0    ; 0            ; |Processor|regn:reg_A                                                            ; regn            ; work         ;
;    |regn:reg_G|                    ; 0 (0)               ; 16 (16)                   ; 0           ; 0            ; 0       ; 0         ; 0         ; 0    ; 0            ; |Processor|regn:reg_G                                                            ; regn            ; work         ;
;    |upcount:Tstep|                 ; 2 (2)               ; 2 (2)                     ; 0           ; 0            ; 0       ; 0         ; 0         ; 0    ; 0            ; |Processor|upcount:Tstep                                                         ; upcount         ; work         ;
+------------------------------------+---------------------+---------------------------+-------------+--------------+---------+-----------+-----------+------+--------------+----------------------------------------------------------------------------------+-----------------+--------------+
Note: For table entries with two numbers listed, the numbers in parentheses indicate the number of resources of the given type used by the specific entity alone. The numbers listed outside of parentheses indicate the total resources of the given type used by the specific entity and all of its sub-entities in the hierarchy.


+------------------------------------------------------+
; General Register Statistics                          ;
+----------------------------------------------+-------+
; Statistic                                    ; Value ;
+----------------------------------------------+-------+
; Total registers                              ; 171   ;
; Number of registers using Synchronous Clear  ; 0     ;
; Number of registers using Synchronous Load   ; 0     ;
; Number of registers using Asynchronous Clear ; 0     ;
; Number of registers using Asynchronous Load  ; 0     ;
; Number of registers using Clock Enable       ; 169   ;
; Number of registers using Preset             ; 0     ;
+----------------------------------------------+-------+


+------------------------------------------------------------------------------------------------------------------------------------------+
; Multiplexer Restructuring Statistics (Restructuring Performed)                                                                           ;
+--------------------+-----------+---------------+----------------------+------------------------+------------+----------------------------+
; Multiplexer Inputs ; Bus Width ; Baseline Area ; Area if Restructured ; Saving if Restructured ; Registered ; Example Multiplexer Output ;
+--------------------+-----------+---------------+----------------------+------------------------+------------+----------------------------+
; 8:1                ; 16 bits   ; 80 LEs        ; 48 LEs               ; 32 LEs                 ; Yes        ; |Processor|regn:reg_G|Q[4] ;
; 5:1                ; 8 bits    ; 24 LEs        ; 8 LEs                ; 16 LEs                 ; No         ; |Processor|Mux38           ;
; 13:1               ; 8 bits    ; 64 LEs        ; 16 LEs               ; 48 LEs                 ; No         ; |Processor|Mux40           ;
; 10:1               ; 16 bits   ; 96 LEs        ; 96 LEs               ; 0 LEs                  ; No         ; |Processor|Selector4       ;
+--------------------+-----------+---------------+----------------------+------------------------+------------+----------------------------+


+---------------------------------------------------------+
; Parameter Settings for User Entity Instance: regn:reg_0 ;
+----------------+-------+--------------------------------+
; Parameter Name ; Value ; Type                           ;
+----------------+-------+--------------------------------+
; n              ; 16    ; Signed Integer                 ;
+----------------+-------+--------------------------------+
Note: In order to hide this table in the UI and the text report file, please set the "Show Parameter Settings in Synthesis Report" option in "Analysis and Synthesis Settings -> More Settings" to "Off".


+---------------------------------------------------------+
; Parameter Settings for User Entity Instance: regn:reg_1 ;
+----------------+-------+--------------------------------+
; Parameter Name ; Value ; Type                           ;
+----------------+-------+--------------------------------+
; n              ; 16    ; Signed Integer                 ;
+----------------+-------+--------------------------------+
Note: In order to hide this table in the UI and the text report file, please set the "Show Parameter Settings in Synthesis Report" option in "Analysis and Synthesis Settings -> More Settings" to "Off".


+---------------------------------------------------------+
; Parameter Settings for User Entity Instance: regn:reg_2 ;
+----------------+-------+--------------------------------+
; Parameter Name ; Value ; Type                           ;
+----------------+-------+--------------------------------+
; n              ; 16    ; Signed Integer                 ;
+----------------+-------+--------------------------------+
Note: In order to hide this table in the UI and the text report file, please set the "Show Parameter Settings in Synthesis Report" option in "Analysis and Synthesis Settings -> More Settings" to "Off".


+---------------------------------------------------------+
; Parameter Settings for User Entity Instance: regn:reg_3 ;
+----------------+-------+--------------------------------+
; Parameter Name ; Value ; Type                           ;
+----------------+-------+--------------------------------+
; n              ; 16    ; Signed Integer                 ;
+----------------+-------+--------------------------------+
Note: In order to hide this table in the UI and the text report file, please set the "Show Parameter Settings in Synthesis Report" option in "Analysis and Synthesis Settings -> More Settings" to "Off".


+---------------------------------------------------------+
; Parameter Settings for User Entity Instance: regn:reg_4 ;
+----------------+-------+--------------------------------+
; Parameter Name ; Value ; Type                           ;
+----------------+-------+--------------------------------+
; n              ; 16    ; Signed Integer                 ;
+----------------+-------+--------------------------------+
Note: In order to hide this table in the UI and the text report file, please set the "Show Parameter Settings in Synthesis Report" option in "Analysis and Synthesis Settings -> More Settings" to "Off".


+---------------------------------------------------------+
; Parameter Settings for User Entity Instance: regn:reg_5 ;
+----------------+-------+--------------------------------+
; Parameter Name ; Value ; Type                           ;
+----------------+-------+--------------------------------+
; n              ; 16    ; Signed Integer                 ;
+----------------+-------+--------------------------------+
Note: In order to hide this table in the UI and the text report file, please set the "Show Parameter Settings in Synthesis Report" option in "Analysis and Synthesis Settings -> More Settings" to "Off".


+---------------------------------------------------------+
; Parameter Settings for User Entity Instance: regn:reg_6 ;
+----------------+-------+--------------------------------+
; Parameter Name ; Value ; Type                           ;
+----------------+-------+--------------------------------+
; n              ; 16    ; Signed Integer                 ;
+----------------+-------+--------------------------------+
Note: In order to hide this table in the UI and the text report file, please set the "Show Parameter Settings in Synthesis Report" option in "Analysis and Synthesis Settings -> More Settings" to "Off".


+---------------------------------------------------------+
; Parameter Settings for User Entity Instance: regn:reg_7 ;
+----------------+-------+--------------------------------+
; Parameter Name ; Value ; Type                           ;
+----------------+-------+--------------------------------+
; n              ; 16    ; Signed Integer                 ;
+----------------+-------+--------------------------------+
Note: In order to hide this table in the UI and the text report file, please set the "Show Parameter Settings in Synthesis Report" option in "Analysis and Synthesis Settings -> More Settings" to "Off".


+---------------------------------------------------------+
; Parameter Settings for User Entity Instance: regn:reg_A ;
+----------------+-------+--------------------------------+
; Parameter Name ; Value ; Type                           ;
+----------------+-------+--------------------------------+
; n              ; 16    ; Signed Integer                 ;
+----------------+-------+--------------------------------+
Note: In order to hide this table in the UI and the text report file, please set the "Show Parameter Settings in Synthesis Report" option in "Analysis and Synthesis Settings -> More Settings" to "Off".


+----------------------------------------------------------+
; Parameter Settings for User Entity Instance: regn:In_reg ;
+----------------+-------+---------------------------------+
; Parameter Name ; Value ; Type                            ;
+----------------+-------+---------------------------------+
; n              ; 9     ; Signed Integer                  ;
+----------------+-------+---------------------------------+
Note: In order to hide this table in the UI and the text report file, please set the "Show Parameter Settings in Synthesis Report" option in "Analysis and Synthesis Settings -> More Settings" to "Off".


+---------------------------------------------------------+
; Parameter Settings for User Entity Instance: regn:reg_G ;
+----------------+-------+--------------------------------+
; Parameter Name ; Value ; Type                           ;
+----------------+-------+--------------------------------+
; n              ; 16    ; Signed Integer                 ;
+----------------+-------+--------------------------------+
Note: In order to hide this table in the UI and the text report file, please set the "Show Parameter Settings in Synthesis Report" option in "Analysis and Synthesis Settings -> More Settings" to "Off".


+------------------------------------------+
; Port Connectivity Checks: "dec3to8:decY" ;
+------+-------+----------+----------------+
; Port ; Type  ; Severity ; Details        ;
+------+-------+----------+----------------+
; en   ; Input ; Info     ; Stuck at VCC   ;
+------+-------+----------+----------------+


+------------------------------------------+
; Port Connectivity Checks: "dec3to8:decX" ;
+------+-------+----------+----------------+
; Port ; Type  ; Severity ; Details        ;
+------+-------+----------+----------------+
; en   ; Input ; Info     ; Stuck at VCC   ;
+------+-------+----------+----------------+


+-----------------------------------------------------+
; Post-Synthesis Netlist Statistics for Top Partition ;
+-----------------------+-----------------------------+
; Type                  ; Count                       ;
+-----------------------+-----------------------------+
; boundary_port         ; 36                          ;
; cycloneiii_ff         ; 171                         ;
;     ENA               ; 169                         ;
;     plain             ; 2                           ;
; cycloneiii_io_obuf    ; 1                           ;
; cycloneiii_lcell_comb ; 261                         ;
;     normal            ; 261                         ;
;         2 data inputs ; 18                          ;
;         3 data inputs ; 63                          ;
;         4 data inputs ; 180                         ;
;                       ;                             ;
; Max LUT depth         ; 28.00                       ;
; Average LUT depth     ; 17.46                       ;
+-----------------------+-----------------------------+


+-------------------------------+
; Elapsed Time Per Partition    ;
+----------------+--------------+
; Partition Name ; Elapsed Time ;
+----------------+--------------+
; Top            ; 00:00:01     ;
+----------------+--------------+


+-------------------------------+
; Analysis & Synthesis Messages ;
+-------------------------------+
Info: *******************************************************************
Info: Running Quartus Prime Analysis & Synthesis
    Info: Version 19.1.0 Build 670 09/22/2019 SJ Lite Edition
    Info: Processing started: Thu May 26 18:59:12 2022
Info: Command: quartus_map --read_settings_files=on --write_settings_files=off Processor -c Processor
Warning (18236): Number of processors has not been specified which may cause overloading on shared machines.  Set the global assignment NUM_PARALLEL_PROCESSORS in your QSF to an appropriate value for best performance.
Info (20030): Parallel compilation is enabled and will use 16 of the 16 processors detected
Info (12021): Found 9 design units, including 4 entities, in source file /users/philip/documents/uniprojects/2nd semester/vhdl project 3/alu/alu_components.vhd
    Info (12022): Found design unit 1: ALU_Components File: C:/Users/Philip/Documents/UniProjects/2nd Semester/VHDL Project 3/ALU/ALU_Components.vhd Line: 4
    Info (12022): Found design unit 2: multiplexer2to1-behaviour File: C:/Users/Philip/Documents/UniProjects/2nd Semester/VHDL Project 3/ALU/ALU_Components.vhd Line: 36
    Info (12022): Found design unit 3: full_adder-behaviour File: C:/Users/Philip/Documents/UniProjects/2nd Semester/VHDL Project 3/ALU/ALU_Components.vhd Line: 49
    Info (12022): Found design unit 4: multiplexer4to1-structure File: C:/Users/Philip/Documents/UniProjects/2nd Semester/VHDL Project 3/ALU/ALU_Components.vhd Line: 66
    Info (12022): Found design unit 5: multiplexer5to1-behaviour File: C:/Users/Philip/Documents/UniProjects/2nd Semester/VHDL Project 3/ALU/ALU_Components.vhd Line: 83
    Info (12023): Found entity 1: multiplexer2to1 File: C:/Users/Philip/Documents/UniProjects/2nd Semester/VHDL Project 3/ALU/ALU_Components.vhd Line: 31
    Info (12023): Found entity 2: full_adder File: C:/Users/Philip/Documents/UniProjects/2nd Semester/VHDL Project 3/ALU/ALU_Components.vhd Line: 44
    Info (12023): Found entity 3: multiplexer4to1 File: C:/Users/Philip/Documents/UniProjects/2nd Semester/VHDL Project 3/ALU/ALU_Components.vhd Line: 60
    Info (12023): Found entity 4: multiplexer5to1 File: C:/Users/Philip/Documents/UniProjects/2nd Semester/VHDL Project 3/ALU/ALU_Components.vhd Line: 77
Info (12021): Found 3 design units, including 1 entities, in source file /users/philip/documents/uniprojects/2nd semester/vhdl project 3/alu/alu.vhd
    Info (12022): Found design unit 1: singleBitALU File: C:/Users/Philip/Documents/UniProjects/2nd Semester/VHDL Project 3/ALU/ALU.vhd Line: 5
    Info (12022): Found design unit 2: ALU-structure File: C:/Users/Philip/Documents/UniProjects/2nd Semester/VHDL Project 3/ALU/ALU.vhd Line: 25
    Info (12023): Found entity 1: ALU File: C:/Users/Philip/Documents/UniProjects/2nd Semester/VHDL Project 3/ALU/ALU.vhd Line: 19
Info (12021): Found 3 design units, including 1 entities, in source file /users/philip/documents/uniprojects/2nd semester/vhdl project 3/alu 16 bit/alu_16_bit.vhd
    Info (12022): Found design unit 1: ALU16Bit File: C:/Users/Philip/Documents/UniProjects/2nd Semester/VHDL Project 3/ALU 16 Bit/ALU_16_Bit.vhd Line: 5
    Info (12022): Found design unit 2: ALU_16_Bit-structure File: C:/Users/Philip/Documents/UniProjects/2nd Semester/VHDL Project 3/ALU 16 Bit/ALU_16_Bit.vhd Line: 27
    Info (12023): Found entity 1: ALU_16_Bit File: C:/Users/Philip/Documents/UniProjects/2nd Semester/VHDL Project 3/ALU 16 Bit/ALU_16_Bit.vhd Line: 19
Info (12021): Found 8 design units, including 4 entities, in source file processor.vhd
    Info (12022): Found design unit 1: Processor-Behavior File: C:/Users/Philip/Documents/UniProjects/2nd Semester/VHDL Project 3/processor/Processor.vhd Line: 13
    Info (12022): Found design unit 2: upcount-Behavior File: C:/Users/Philip/Documents/UniProjects/2nd Semester/VHDL Project 3/processor/Processor.vhd Line: 202
    Info (12022): Found design unit 3: dec3to8-Behavior File: C:/Users/Philip/Documents/UniProjects/2nd Semester/VHDL Project 3/processor/Processor.vhd Line: 236
    Info (12022): Found design unit 4: regn-Behavior File: C:/Users/Philip/Documents/UniProjects/2nd Semester/VHDL Project 3/processor/Processor.vhd Line: 278
    Info (12023): Found entity 1: Processor File: C:/Users/Philip/Documents/UniProjects/2nd Semester/VHDL Project 3/processor/Processor.vhd Line: 5
    Info (12023): Found entity 2: upcount File: C:/Users/Philip/Documents/UniProjects/2nd Semester/VHDL Project 3/processor/Processor.vhd Line: 196
    Info (12023): Found entity 3: dec3to8 File: C:/Users/Philip/Documents/UniProjects/2nd Semester/VHDL Project 3/processor/Processor.vhd Line: 228
    Info (12023): Found entity 4: regn File: C:/Users/Philip/Documents/UniProjects/2nd Semester/VHDL Project 3/processor/Processor.vhd Line: 269
Info (12127): Elaborating entity "Processor" for the top level hierarchy
Info (12128): Elaborating entity "upcount" for hierarchy "upcount:Tstep" File: C:/Users/Philip/Documents/UniProjects/2nd Semester/VHDL Project 3/processor/Processor.vhd Line: 56
Info (12128): Elaborating entity "dec3to8" for hierarchy "dec3to8:decX" File: C:/Users/Philip/Documents/UniProjects/2nd Semester/VHDL Project 3/processor/Processor.vhd Line: 58
Info (12128): Elaborating entity "regn" for hierarchy "regn:reg_0" File: C:/Users/Philip/Documents/UniProjects/2nd Semester/VHDL Project 3/processor/Processor.vhd Line: 156
Info (12128): Elaborating entity "regn" for hierarchy "regn:In_reg" File: C:/Users/Philip/Documents/UniProjects/2nd Semester/VHDL Project 3/processor/Processor.vhd Line: 167
Info (12128): Elaborating entity "ALU_16_Bit" for hierarchy "ALU_16_Bit:ALU_Unit" File: C:/Users/Philip/Documents/UniProjects/2nd Semester/VHDL Project 3/processor/Processor.vhd Line: 170
Info (12128): Elaborating entity "ALU" for hierarchy "ALU_16_Bit:ALU_Unit|ALU:\ALULoop:0:alu_1_bit" File: C:/Users/Philip/Documents/UniProjects/2nd Semester/VHDL Project 3/ALU 16 Bit/ALU_16_Bit.vhd Line: 71
Info (12128): Elaborating entity "multiplexer2to1" for hierarchy "ALU_16_Bit:ALU_Unit|ALU:\ALULoop:0:alu_1_bit|multiplexer2to1:mux1" File: C:/Users/Philip/Documents/UniProjects/2nd Semester/VHDL Project 3/ALU/ALU.vhd Line: 28
Info (12128): Elaborating entity "full_adder" for hierarchy "ALU_16_Bit:ALU_Unit|ALU:\ALULoop:0:alu_1_bit|full_adder:fadder" File: C:/Users/Philip/Documents/UniProjects/2nd Semester/VHDL Project 3/ALU/ALU.vhd Line: 32
Info (12128): Elaborating entity "multiplexer5to1" for hierarchy "ALU_16_Bit:ALU_Unit|ALU:\ALULoop:0:alu_1_bit|multiplexer5to1:mux5to1" File: C:/Users/Philip/Documents/UniProjects/2nd Semester/VHDL Project 3/ALU/ALU.vhd Line: 34
Warning (13034): The following nodes have both tri-state and non-tri-state drivers
    Warning (13035): Inserted always-enabled tri-state buffer between "resetn" and its non-tri-state driver. File: C:/Users/Philip/Documents/UniProjects/2nd Semester/VHDL Project 3/processor/Processor.vhd Line: 8
Info (13060): One or more bidirectional pins are fed by always enabled tri-state buffers
    Info (13061): Fan-out of permanently enabled tri-state buffer feeding bidirectional pin "resetn" is moved to its source File: C:/Users/Philip/Documents/UniProjects/2nd Semester/VHDL Project 3/processor/Processor.vhd Line: 8
Warning (13009): TRI or OPNDRN buffers permanently enabled
    Warning (13010): Node "resetn~synth" File: C:/Users/Philip/Documents/UniProjects/2nd Semester/VHDL Project 3/processor/Processor.vhd Line: 8
Info (286030): Timing-Driven Synthesis is running
Info (16010): Generating hard_block partition "hard_block:auto_generated_inst"
    Info (16011): Adding 0 node(s), including 0 DDIO, 0 PLL, 0 transceiver and 0 LCELL
Info (21057): Implemented 450 device resources after synthesis - the final resource count might be different
    Info (21058): Implemented 18 input pins
    Info (21059): Implemented 17 output pins
    Info (21060): Implemented 1 bidirectional pins
    Info (21061): Implemented 414 logic cells
Info: Quartus Prime Analysis & Synthesis was successful. 0 errors, 5 warnings
    Info: Peak virtual memory: 4922 megabytes
    Info: Processing ended: Thu May 26 18:59:26 2022
    Info: Elapsed time: 00:00:14
    Info: Total CPU time (on all processors): 00:00:30


